[2014-05-30 03:22:23] myapp.INFO: Matched route "GET_" (parameters: "_controller": "{}", "_route": "GET_") [] []
[2014-05-30 03:22:23] myapp.INFO: > GET / [] []
[2014-05-30 03:22:23] myapp.CRITICAL: LogicException: The controller must return a response (null given). Did you forget to add a return statement somewhere in your controller? (uncaught exception) at /home/fajar/www/cmf/engine/vendor/symfony/http-kernel/Symfony/Component/HttpKernel/HttpKernel.php line 144 {"exception":"[object] (LogicException: The controller must return a response (null given). Did you forget to add a return statement somewhere in your controller? at /home/fajar/www/cmf/engine/vendor/symfony/http-kernel/Symfony/Component/HttpKernel/HttpKernel.php:144)"} []
[2014-05-30 03:22:23] myapp.INFO: < 500 [] []
[2014-05-30 03:22:46] myapp.INFO: Matched route "GET_" (parameters: "_controller": "{}", "_route": "GET_") [] []
[2014-05-30 03:22:46] myapp.INFO: > GET / [] []
[2014-05-30 03:22:46] myapp.CRITICAL: LogicException: The controller must return a response (null given). Did you forget to add a return statement somewhere in your controller? (uncaught exception) at /home/fajar/www/cmf/engine/vendor/symfony/http-kernel/Symfony/Component/HttpKernel/HttpKernel.php line 144 {"exception":"[object] (LogicException: The controller must return a response (null given). Did you forget to add a return statement somewhere in your controller? at /home/fajar/www/cmf/engine/vendor/symfony/http-kernel/Symfony/Component/HttpKernel/HttpKernel.php:144)"} []
[2014-05-30 03:22:46] myapp.INFO: < 500 [] []
[2014-05-30 03:23:29] myapp.INFO: Matched route "GET_" (parameters: "_controller": "{}", "_route": "GET_") [] []
[2014-05-30 03:23:29] myapp.INFO: > GET / [] []
[2014-05-30 03:23:52] myapp.INFO: Matched route "GET_" (parameters: "_controller": "{}", "_route": "GET_") [] []
[2014-05-30 03:23:52] myapp.INFO: > GET / [] []
[2014-05-30 03:23:52] myapp.CRITICAL: LogicException: The controller must return a response (null given). Did you forget to add a return statement somewhere in your controller? (uncaught exception) at /home/fajar/www/cmf/engine/vendor/symfony/http-kernel/Symfony/Component/HttpKernel/HttpKernel.php line 144 {"exception":"[object] (LogicException: The controller must return a response (null given). Did you forget to add a return statement somewhere in your controller? at /home/fajar/www/cmf/engine/vendor/symfony/http-kernel/Symfony/Component/HttpKernel/HttpKernel.php:144)"} []
[2014-05-30 03:23:52] myapp.INFO: < 500 [] []
[2014-05-30 03:24:08] myapp.INFO: Matched route "GET_" (parameters: "_controller": "{}", "_route": "GET_") [] []
[2014-05-30 03:24:08] myapp.INFO: > GET / [] []
[2014-05-30 03:24:08] myapp.INFO: < 200 [] []
[2014-05-30 03:24:24] myapp.INFO: Matched route "GET_" (parameters: "_controller": "{}", "_route": "GET_") [] []
[2014-05-30 03:24:24] myapp.INFO: > GET / [] []
[2014-05-30 03:24:24] myapp.INFO: < 200 [] []
[2014-05-30 14:02:33] myapp.INFO: Matched route "GET_" (parameters: "_controller": "{}", "_route": "GET_") [] []
[2014-05-30 14:02:33] myapp.INFO: > GET / [] []
[2014-05-30 14:02:33] myapp.INFO: < 200 [] []
[2014-05-30 14:03:09] myapp.INFO: Matched route "GET_" (parameters: "_controller": "{}", "_route": "GET_") [] []
[2014-05-30 14:03:09] myapp.INFO: > GET / [] []
[2014-05-30 14:03:09] myapp.INFO: < 200 [] []
[2014-05-30 14:04:55] myapp.INFO: Matched route "GET_" (parameters: "_controller": "{}", "_route": "GET_") [] []
[2014-05-30 14:04:55] myapp.INFO: > GET / [] []
[2014-05-30 14:04:55] myapp.INFO: < 200 [] []
[2014-05-30 14:13:59] myapp.INFO: Matched route "GET_" (parameters: "_controller": "{}", "_route": "GET_") [] []
[2014-05-30 14:13:59] myapp.INFO: > GET / [] []
[2014-05-30 14:13:59] myapp.INFO: < 200 [] []
[2014-05-30 14:34:02] myapp.CRITICAL: PDOException: invalid data source name (uncaught exception) at /home/fajar/www/cmf/engine/unika/cmf/Unika/Application.php line 64 {"exception":"[object] (PDOException: invalid data source name at /home/fajar/www/cmf/engine/unika/cmf/Unika/Application.php:64)"} []
[2014-05-30 14:34:02] myapp.INFO: < 500 [] []
[2014-05-30 14:38:57] myapp.CRITICAL: InvalidArgumentException: "Symfony\Component\HttpFoundation\Session\Storage\Handler\PdoSessionHandler" requires PDO error mode attribute be set to throw Exceptions (i.e. $pdo->setAttribute(PDO::ATTR_ERRMODE, PDO::ERRMODE_EXCEPTION)) (uncaught exception) at /home/fajar/www/cmf/engine/vendor/symfony/http-foundation/Symfony/Component/HttpFoundation/Session/Storage/Handler/PdoSessionHandler.php line 68 {"exception":"[object] (InvalidArgumentException: \"Symfony\\Component\\HttpFoundation\\Session\\Storage\\Handler\\PdoSessionHandler\" requires PDO error mode attribute be set to throw Exceptions (i.e. $pdo->setAttribute(PDO::ATTR_ERRMODE, PDO::ERRMODE_EXCEPTION)) at /home/fajar/www/cmf/engine/vendor/symfony/http-foundation/Symfony/Component/HttpFoundation/Session/Storage/Handler/PdoSessionHandler.php:68)"} []
[2014-05-30 14:38:57] myapp.INFO: < 500 [] []
[2014-05-30 14:39:38] myapp.INFO: Matched route "GET_" (parameters: "_controller": "{}", "_route": "GET_") [] []
[2014-05-30 14:39:38] myapp.INFO: > GET / [] []
[2014-05-30 14:39:38] myapp.INFO: < 200 [] []
[2014-05-30 14:40:37] myapp.INFO: Matched route "GET_" (parameters: "_controller": "{}", "_route": "GET_") [] []
[2014-05-30 14:40:37] myapp.INFO: > GET / [] []
[2014-05-30 14:40:37] myapp.INFO: < 200 [] []
[2014-05-30 14:41:06] myapp.INFO: Matched route "GET_" (parameters: "_controller": "{}", "_route": "GET_") [] []
[2014-05-30 14:41:06] myapp.INFO: > GET / [] []
[2014-05-30 14:41:06] myapp.INFO: < 200 [] []
[2014-05-30 14:41:06] myapp.INFO: Matched route "GET_" (parameters: "_controller": "{}", "_route": "GET_") [] []
[2014-05-30 14:41:06] myapp.INFO: > GET / [] []
[2014-05-30 14:41:06] myapp.INFO: < 200 [] []
[2014-05-30 14:41:06] myapp.INFO: Matched route "GET_" (parameters: "_controller": "{}", "_route": "GET_") [] []
[2014-05-30 14:41:06] myapp.INFO: > GET / [] []
[2014-05-30 14:41:06] myapp.INFO: < 200 [] []
[2014-05-30 14:41:29] myapp.INFO: Matched route "GET_" (parameters: "_controller": "{}", "_route": "GET_") [] []
[2014-05-30 14:41:29] myapp.INFO: > GET / [] []
[2014-05-30 14:41:29] myapp.INFO: < 200 [] []
[2014-05-30 14:41:30] myapp.INFO: Matched route "GET_" (parameters: "_controller": "{}", "_route": "GET_") [] []
[2014-05-30 14:41:30] myapp.INFO: > GET / [] []
[2014-05-30 14:41:30] myapp.INFO: < 200 [] []
[2014-05-30 14:41:44] myapp.INFO: Matched route "GET_" (parameters: "_controller": "{}", "_route": "GET_") [] []
[2014-05-30 14:41:44] myapp.INFO: > GET / [] []
[2014-05-30 14:41:44] myapp.INFO: < 200 [] []
[2014-05-30 14:41:59] myapp.INFO: Matched route "GET_" (parameters: "_controller": "{}", "_route": "GET_") [] []
[2014-05-30 14:41:59] myapp.INFO: > GET / [] []
[2014-05-30 14:41:59] myapp.INFO: < 200 [] []
[2014-05-30 14:43:52] myapp.INFO: Matched route "GET_" (parameters: "_controller": "{}", "_route": "GET_") [] []
[2014-05-30 14:43:52] myapp.INFO: > GET / [] []
[2014-05-30 14:43:52] myapp.INFO: < 200 [] []
[2014-05-30 14:44:04] myapp.INFO: Matched route "GET_" (parameters: "_controller": "{}", "_route": "GET_") [] []
[2014-05-30 14:44:04] myapp.INFO: > GET / [] []
[2014-05-30 14:44:04] myapp.INFO: < 200 [] []
[2014-05-30 15:08:42] myapp.INFO: Matched route "GET_" (parameters: "_controller": "{}", "_route": "GET_") [] []
[2014-05-30 15:08:42] myapp.INFO: > GET / [] []
[2014-05-30 15:08:42] myapp.INFO: < 200 [] []
[2014-05-30 15:08:42] myapp.INFO: Matched route "GET_" (parameters: "_controller": "{}", "_route": "GET_") [] []
[2014-05-30 15:08:42] myapp.INFO: > GET / [] []
[2014-05-30 15:08:42] myapp.INFO: < 200 [] []
[2014-05-30 15:08:42] myapp.INFO: Matched route "GET_" (parameters: "_controller": "{}", "_route": "GET_") [] []
[2014-05-30 15:08:42] myapp.INFO: > GET / [] []
[2014-05-30 15:08:42] myapp.INFO: < 200 [] []
[2014-05-30 15:11:18] myapp.INFO: Matched route "GET_" (parameters: "_controller": "{}", "_route": "GET_") [] []
[2014-05-30 15:11:18] myapp.INFO: > GET / [] []
[2014-05-30 15:11:18] myapp.INFO: < 200 [] []
[2014-05-30 15:11:26] myapp.INFO: Matched route "GET_" (parameters: "_controller": "{}", "_route": "GET_") [] []
[2014-05-30 15:11:26] myapp.INFO: > GET / [] []
[2014-05-30 15:11:26] myapp.INFO: < 200 [] []
[2014-05-30 15:32:00] myapp.INFO: Matched route "GET_" (parameters: "_controller": "{}", "_route": "GET_") [] []
[2014-05-30 15:32:00] myapp.INFO: > GET / [] []
[2014-05-30 15:32:00] myapp.INFO: < 200 [] []
[2014-05-30 17:50:53] myapp.INFO: Matched route "GET_" (parameters: "_controller": "{}", "_route": "GET_") [] []
[2014-05-30 17:50:53] myapp.INFO: > GET / [] []
[2014-05-30 17:50:53] myapp.INFO: < 200 [] []
[2014-05-30 17:51:05] myapp.INFO: Matched route "GET_" (parameters: "_controller": "{}", "_route": "GET_") [] []
[2014-05-30 17:51:05] myapp.INFO: > GET / [] []
[2014-05-30 17:51:05] myapp.INFO: < 200 [] []
[2014-05-30 17:58:13] myapp.INFO: Matched route "GET_" (parameters: "_controller": "{}", "_route": "GET_") [] []
[2014-05-30 17:58:13] myapp.INFO: > GET / [] []
[2014-05-30 17:58:13] myapp.INFO: < 200 [] []
[2014-05-30 17:58:25] myapp.INFO: Matched route "GET_" (parameters: "_controller": "{}", "_route": "GET_") [] []
[2014-05-30 17:58:25] myapp.INFO: > GET / [] []
[2014-05-30 17:58:25] myapp.INFO: < 200 [] []
[2014-05-30 18:03:54] myapp.INFO: Matched route "GET_" (parameters: "_controller": "{}", "_route": "GET_") [] []
[2014-05-30 18:03:54] myapp.INFO: > GET / [] []
[2014-05-30 18:03:54] myapp.INFO: < 200 [] []
[2014-05-30 19:32:19] myapp.INFO: Matched route "GET_" (parameters: "_controller": "{}", "_route": "GET_") [] []
[2014-05-30 19:32:19] myapp.INFO: > GET / [] []
[2014-05-30 19:32:19] myapp.INFO: < 200 [] []
[2014-05-30 19:36:56] myapp.INFO: Matched route "GET_" (parameters: "_controller": "{}", "_route": "GET_") [] []
[2014-05-30 19:36:56] myapp.INFO: > GET / [] []
[2014-05-30 19:36:56] myapp.INFO: < 200 [] []
[2014-05-30 20:08:26] myapp.INFO: Matched route "GET_" (parameters: "_controller": "{}", "_route": "GET_") [] []
[2014-05-30 20:08:26] myapp.INFO: > GET / [] []
[2014-05-30 20:08:26] myapp.INFO: < 200 [] []
[2014-05-30 20:13:41] myapp.INFO: Matched route "GET_" (parameters: "_controller": "{}", "_route": "GET_") [] []
[2014-05-30 20:13:41] myapp.INFO: > GET / [] []
[2014-05-30 20:13:41] myapp.INFO: < 200 [] []
[2014-05-30 20:13:58] myapp.INFO: Matched route "GET_" (parameters: "_controller": "{}", "_route": "GET_") [] []
[2014-05-30 20:13:58] myapp.INFO: > GET / [] []
[2014-05-30 20:13:58] myapp.INFO: < 200 [] []
[2014-05-30 20:52:23] myapp.INFO: Matched route "GET_" (parameters: "_controller": "{}", "_route": "GET_") [] []
[2014-05-30 20:52:23] myapp.INFO: > GET / [] []
[2014-05-30 20:52:23] myapp.INFO: < 200 [] []
[2014-05-30 21:09:51] myapp.INFO: Matched route "GET_" (parameters: "_controller": "{}", "_route": "GET_") [] []
[2014-05-30 21:09:51] myapp.INFO: > GET / [] []
[2014-05-30 21:09:51] myapp.INFO: < 200 [] []
[2014-05-30 21:09:52] myapp.INFO: Matched route "GET_" (parameters: "_controller": "{}", "_route": "GET_") [] []
[2014-05-30 21:09:52] myapp.INFO: > GET / [] []
[2014-05-30 21:09:52] myapp.INFO: < 200 [] []
[2014-05-30 21:09:52] myapp.INFO: Matched route "GET_" (parameters: "_controller": "{}", "_route": "GET_") [] []
[2014-05-30 21:09:52] myapp.INFO: > GET / [] []
[2014-05-30 21:09:52] myapp.INFO: < 200 [] []
[2014-05-30 21:09:52] myapp.INFO: Matched route "GET_" (parameters: "_controller": "{}", "_route": "GET_") [] []
[2014-05-30 21:09:52] myapp.INFO: > GET / [] []
[2014-05-30 21:09:52] myapp.INFO: < 200 [] []
[2014-05-30 21:13:03] myapp.INFO: Matched route "GET_" (parameters: "_controller": "{}", "_route": "GET_") [] []
[2014-05-30 21:13:03] myapp.INFO: > GET / [] []
[2014-05-30 21:13:03] myapp.INFO: < 200 [] []
[2014-05-30 21:47:00] myapp.INFO: Matched route "GET_" (parameters: "_controller": "{}", "_route": "GET_") [] []
[2014-05-30 21:47:00] myapp.INFO: > GET / [] []
[2014-05-30 21:47:00] myapp.INFO: < 200 [] []
[2014-05-30 22:05:35] myapp.INFO: Matched route "GET_" (parameters: "_controller": "{}", "_route": "GET_") [] []
[2014-05-30 22:05:35] myapp.INFO: > GET / [] []
[2014-05-30 22:05:35] myapp.INFO: < 200 [] []
[2014-05-30 22:05:36] myapp.INFO: Matched route "GET_" (parameters: "_controller": "{}", "_route": "GET_") [] []
[2014-05-30 22:05:36] myapp.INFO: > GET / [] []
[2014-05-30 22:05:36] myapp.INFO: < 200 [] []
[2014-05-30 22:06:39] myapp.INFO: Matched route "GET_" (parameters: "_controller": "{}", "_route": "GET_") [] []
[2014-05-30 22:06:39] myapp.INFO: > GET / [] []
[2014-05-30 22:06:39] myapp.INFO: < 200 [] []
[2014-05-30 22:06:40] myapp.INFO: Matched route "GET_" (parameters: "_controller": "{}", "_route": "GET_") [] []
[2014-05-30 22:06:40] myapp.INFO: > GET / [] []
[2014-05-30 22:06:40] myapp.INFO: < 200 [] []
[2014-05-30 22:06:40] myapp.INFO: Matched route "GET_" (parameters: "_controller": "{}", "_route": "GET_") [] []
[2014-05-30 22:06:40] myapp.INFO: > GET / [] []
[2014-05-30 22:06:40] myapp.INFO: < 200 [] []
[2014-05-30 22:06:40] myapp.INFO: Matched route "GET_" (parameters: "_controller": "{}", "_route": "GET_") [] []
[2014-05-30 22:06:40] myapp.INFO: > GET / [] []
[2014-05-30 22:06:40] myapp.INFO: < 200 [] []
[2014-05-30 22:07:17] myapp.INFO: Matched route "GET_" (parameters: "_controller": "{}", "_route": "GET_") [] []
[2014-05-30 22:07:17] myapp.INFO: > GET / [] []
[2014-05-30 22:07:17] myapp.INFO: < 200 [] []
[2014-05-30 22:07:18] myapp.INFO: Matched route "GET_" (parameters: "_controller": "{}", "_route": "GET_") [] []
[2014-05-30 22:07:18] myapp.INFO: > GET / [] []
[2014-05-30 22:07:18] myapp.INFO: < 200 [] []
[2014-05-30 22:07:18] myapp.INFO: Matched route "GET_" (parameters: "_controller": "{}", "_route": "GET_") [] []
[2014-05-30 22:07:18] myapp.INFO: > GET / [] []
[2014-05-30 22:07:18] myapp.INFO: < 200 [] []
[2014-05-30 22:07:18] myapp.INFO: Matched route "GET_" (parameters: "_controller": "{}", "_route": "GET_") [] []
[2014-05-30 22:07:18] myapp.INFO: > GET / [] []
[2014-05-30 22:07:18] myapp.INFO: < 200 [] []
[2014-05-30 22:20:27] myapp.INFO: Matched route "GET_" (parameters: "_controller": "{}", "_route": "GET_") [] []
[2014-05-30 22:20:27] myapp.INFO: > GET / [] []
[2014-05-30 22:20:27] myapp.INFO: < 200 [] []
[2014-05-30 22:26:41] myapp.INFO: Matched route "GET_" (parameters: "_controller": "{}", "_route": "GET_") [] []
[2014-05-30 22:26:41] myapp.INFO: > GET / [] []
[2014-05-30 22:26:41] myapp.INFO: < 200 [] []
[2014-05-30 22:30:59] myapp.INFO: Matched route "GET_" (parameters: "_controller": "{}", "_route": "GET_") [] []
[2014-05-30 22:30:59] myapp.INFO: > GET / [] []
[2014-05-30 22:30:59] myapp.INFO: < 200 [] []
[2014-05-30 22:31:00] myapp.INFO: Matched route "GET_" (parameters: "_controller": "{}", "_route": "GET_") [] []
[2014-05-30 22:31:00] myapp.INFO: > GET / [] []
[2014-05-30 22:31:00] myapp.INFO: < 200 [] []
[2014-05-30 22:31:00] myapp.INFO: Matched route "GET_" (parameters: "_controller": "{}", "_route": "GET_") [] []
[2014-05-30 22:31:00] myapp.INFO: > GET / [] []
[2014-05-30 22:31:00] myapp.INFO: < 200 [] []
[2014-05-30 22:31:00] myapp.INFO: Matched route "GET_" (parameters: "_controller": "{}", "_route": "GET_") [] []
[2014-05-30 22:31:00] myapp.INFO: > GET / [] []
[2014-05-30 22:31:00] myapp.INFO: < 200 [] []
[2014-05-30 22:36:22] myapp.INFO: Matched route "GET_" (parameters: "_controller": "{}", "_route": "GET_") [] []
[2014-05-30 22:36:22] myapp.INFO: > GET / [] []
[2014-05-30 22:36:22] myapp.INFO: < 200 [] []
[2014-05-30 22:40:50] myapp.INFO: Matched route "GET_" (parameters: "_controller": "{}", "_route": "GET_") [] []
[2014-05-30 22:40:50] myapp.INFO: > GET / [] []
[2014-05-30 22:40:50] myapp.INFO: < 200 [] []
