[2014-09-20 13:20:03] myapp.INFO: Matched route "front" (parameters: "_controller": "{}", "controllerName": "home", "actionName": "index", "_route": "front") [] []
[2014-09-20 13:20:03] myapp.DEBUG: > GET / [] []
[2014-09-20 13:20:04] myapp.DEBUG: < 200 [] []
[2014-09-20 13:20:04] myapp.INFO: Matched route "front" (parameters: "_controller": "{}", "controllerName": "favicon.ico", "actionName": "index", "_route": "front") [] []
[2014-09-20 13:20:04] myapp.DEBUG: > GET /favicon.ico [] []
[2014-09-20 13:20:04] myapp.ERROR: Symfony\Component\HttpKernel\Exception\HttpException:  (uncaught exception) at /home/fajar/www/cmf/vendor/silex/silex/src/Silex/Application.php line 356 {"exception":"[object] (Symfony\\Component\\HttpKernel\\Exception\\HttpException:  at /home/fajar/www/cmf/vendor/silex/silex/src/Silex/Application.php:356)"} []
[2014-09-20 13:20:04] myapp.DEBUG: < 404 [] []
[2014-09-26 00:15:33] myapp.INFO: Matched route "front" (parameters: "_controller": "{}", "controllerName": "home", "actionName": "index", "_route": "front") [] []
[2014-09-26 00:15:33] myapp.DEBUG: > GET /cmf/public/ [] []
[2014-09-26 00:15:33] myapp.DEBUG: < 200 [] []
[2014-09-26 00:15:35] myapp.INFO: Matched route "backend" (parameters: "_controller": "{}", "actionName": "login", "_route": "backend") [] []
[2014-09-26 00:15:35] myapp.DEBUG: > GET /cmf/public/administrator/login [] []
[2014-09-26 00:15:36] myapp.DEBUG: < 200 [] []
[2014-09-26 00:15:57] myapp.INFO: Matched route "backend" (parameters: "_controller": "{}", "actionName": "login_check", "_route": "backend") [] []
[2014-09-26 00:15:57] myapp.DEBUG: > POST /cmf/public/administrator/login_check [] []
[2014-09-26 00:15:58] myapp.DEBUG: < 302 /administrator [] []
[2014-10-18 10:43:44] myapp.INFO: Matched route "backend" (parameters: "_controller": "{}", "actionName": "login", "_route": "backend") [] []
[2014-10-18 10:43:44] myapp.DEBUG: > GET /administrator/login [] []
[2014-10-18 10:43:44] myapp.DEBUG: < 200 [] []
[2014-10-18 10:43:45] myapp.INFO: Matched route "front" (parameters: "_controller": "{}", "controllerName": "favicon.ico", "actionName": "index", "_route": "front") [] []
[2014-10-18 10:43:45] myapp.DEBUG: > GET /favicon.ico [] []
[2014-10-18 10:43:45] myapp.ERROR: Symfony\Component\HttpKernel\Exception\HttpException:  (uncaught exception) at /home/fajar/www/cmf/vendor/silex/silex/src/Silex/Application.php line 356 {"exception":"[object] (Symfony\\Component\\HttpKernel\\Exception\\HttpException:  at /home/fajar/www/cmf/vendor/silex/silex/src/Silex/Application.php:356)"} []
[2014-10-18 10:43:45] myapp.DEBUG: < 404 [] []
[2014-11-10 03:05:04] myapp.INFO: Matched route "front" (parameters: "_controller": "{}", "controllerName": "home", "actionName": "index", "_route": "front") [] []
[2014-11-10 03:05:04] myapp.DEBUG: > GET /cmf/public/ [] []
[2014-11-10 03:05:05] myapp.DEBUG: < 200 [] []
[2014-11-10 03:05:09] myapp.INFO: Matched route "front" (parameters: "_controller": "{}", "controllerName": "home", "actionName": "index", "_route": "front") [] []
[2014-11-10 03:05:09] myapp.DEBUG: > GET /cmf/public/ [] []
[2014-11-10 03:05:09] myapp.DEBUG: < 200 [] []
[2014-11-10 03:12:24] myapp.INFO: Matched route "front" (parameters: "_controller": "{}", "controllerName": "home", "actionName": "index", "_route": "front") [] []
[2014-11-10 03:12:24] myapp.DEBUG: > GET / [] []
[2014-11-10 03:12:24] myapp.DEBUG: < 200 [] []
[2014-11-10 03:12:26] myapp.INFO: Matched route "backend" (parameters: "_controller": "{}", "actionName": "login", "_route": "backend") [] []
[2014-11-10 03:12:26] myapp.DEBUG: > GET /administrator/login [] []
[2014-11-10 03:12:26] myapp.DEBUG: < 200 [] []
[2014-11-15 14:33:57] myapp.INFO: Matched route "front" (parameters: "_controller": "{}", "controllerName": "home", "actionName": "index", "_route": "front") [] []
[2014-11-15 14:33:57] myapp.DEBUG: > GET /cmf/public/ [] []
[2014-11-15 14:33:59] myapp.DEBUG: < 200 [] []
[2014-11-15 14:34:11] myapp.INFO: Matched route "backend" (parameters: "_controller": "{}", "actionName": "login", "_route": "backend") [] []
[2014-11-15 14:34:11] myapp.DEBUG: > GET /cmf/public/administrator/login [] []
[2014-11-15 14:34:12] myapp.DEBUG: < 200 [] []
[2014-11-15 14:34:26] myapp.INFO: Matched route "backend" (parameters: "_controller": "{}", "actionName": "login_check", "_route": "backend") [] []
[2014-11-15 14:34:26] myapp.DEBUG: > POST /cmf/public/administrator/login_check [] []
[2014-11-15 14:34:27] myapp.DEBUG: < 302 /administrator [] []
