[2014-06-01 03:20:02] myapp.INFO: Matched route "GET_" (parameters: "_controller": "{}", "_route": "GET_") [] []
[2014-06-01 03:20:02] myapp.INFO: > GET / [] []
[2014-06-01 03:20:02] myapp.DEBUG: Notified event "kernel.request" to listener "Symfony\Component\HttpKernel\EventListener\ProfilerListener::onKernelRequest". [] []
[2014-06-01 03:20:02] myapp.DEBUG: Notified event "kernel.request" to listener "Silex\Provider\SessionServiceProvider::onEarlyKernelRequest". [] []
[2014-06-01 03:20:02] myapp.DEBUG: Notified event "kernel.request" to listener "Symfony\Component\HttpKernel\EventListener\RouterListener::onKernelRequest". [] []
[2014-06-01 03:20:02] myapp.DEBUG: Notified event "kernel.request" to listener "Silex\EventListener\LocaleListener::onKernelRequest". [] []
[2014-06-01 03:20:02] myapp.DEBUG: Notified event "kernel.request" to listener "Silex\EventListener\LogListener::onKernelRequest". [] []
[2014-06-01 03:20:02] myapp.DEBUG: Notified event "kernel.request" to listener "Silex\EventListener\MiddlewareListener::onKernelRequest". [] []
[2014-06-01 03:20:02] myapp.DEBUG: Notified event "kernel.controller" to listener "Silex\EventListener\ConverterListener::onKernelController". [] []
[2014-06-01 03:20:02] myapp.DEBUG: Notified event "kernel.controller" to listener "Symfony\Component\HttpKernel\DataCollector\RequestDataCollector::onKernelController". [] []
[2014-06-01 03:20:02] myapp.DEBUG: Notified event "kernel.view" to listener "Silex\EventListener\StringToResponseListener::onKernelView". [] []
[2014-06-01 03:20:02] myapp.DEBUG: Listener "Silex\EventListener\StringToResponseListener::onKernelView" stopped propagation of the event "kernel.view". [] []
[2014-06-01 03:20:02] myapp.INFO: < 200 [] []
[2014-06-01 03:20:02] myapp.DEBUG: Notified event "kernel.response" to listener "Silex\EventListener\MiddlewareListener::onKernelResponse". [] []
[2014-06-01 03:20:02] myapp.DEBUG: Notified event "kernel.response" to listener "Symfony\Component\HttpKernel\EventListener\ResponseListener::onKernelResponse". [] []
[2014-06-01 03:20:02] myapp.DEBUG: Notified event "kernel.response" to listener "Symfony\Component\HttpKernel\EventListener\EsiListener::onKernelResponse". [] []
[2014-06-01 03:20:02] myapp.DEBUG: Notified event "kernel.response" to listener "Silex\EventListener\LogListener::onKernelResponse". [] []
[2014-06-01 03:20:02] myapp.DEBUG: Notified event "kernel.response" to listener "Symfony\Component\HttpKernel\EventListener\ProfilerListener::onKernelResponse". [] []
[2014-06-01 03:20:02] myapp.DEBUG: Notified event "kernel.response" to listener "Symfony\Bundle\WebProfilerBundle\EventListener\WebDebugToolbarListener::onKernelResponse". [] []
[2014-06-01 03:20:02] myapp.DEBUG: Notified event "kernel.finish_request" to listener "Symfony\Component\HttpKernel\EventListener\RouterListener::onKernelFinishRequest". [] []
[2014-06-01 03:20:02] myapp.DEBUG: Notified event "kernel.finish_request" to listener "Silex\EventListener\LocaleListener::onKernelFinishRequest". [] []
[2014-06-01 03:20:02] myapp.DEBUG: Notified event "kernel.terminate" to listener "closure". [] []
[2014-06-01 03:20:02] myapp.DEBUG: Notified event "kernel.terminate" to listener "Symfony\Component\HttpKernel\EventListener\ProfilerListener::onKernelTerminate". [] []
